Setting Temperature Module temperature to 4.0 °C (rounded off to nearest integer)
Engaging Magnetic Module
Transferring 100.0 from A2 of NEST 96 Well Plate 100 µL PCR Full Skirt on Magnetic Module GEN2 on 2 to B1 of Corning 96 Well Plate 360 µL Flat on Temperature Module GEN1 on 3
	Picking up tip from A1 of Opentrons 96 Tip Rack 300 µL on 1
	Aspirating 100.0 uL from A2 of NEST 96 Well Plate 100 µL PCR Full Skirt on Magnetic Module GEN2 on 2 at 92.86 uL/sec
	Dispensing 100.0 uL into B1 of Corning 96 Well Plate 360 µL Flat on Temperature Module GEN1 on 3 at 92.86 uL/sec
	Mixing 3 times with a volume of 50.0 ul
		Aspirating 50.0 uL from B1 of Corning 96 Well Plate 360 µL Flat on Temperature Module GEN1 on 3 at 92.86 uL/sec
		Dispensing 50.0 uL into B1 of Corning 96 Well Plate 360 µL Flat on Temperature Module GEN1 on 3 at 92.86 uL/sec
		Aspirating 50.0 uL from B1 of Corning 96 Well Plate 360 µL Flat on Temperature Module GEN1 on 3 at 92.86 uL/sec
		Dispensing 50.0 uL into B1 of Corning 96 Well Plate 360 µL Flat on Temperature Module GEN1 on 3 at 92.86 uL/sec
		Aspirating 50.0 uL from B1 of Corning 96 Well Plate 360 µL Flat on Temperature Module GEN1 on 3 at 92.86 uL/sec
		Dispensing 50.0 uL into B1 of Corning 96 Well Plate 360 µL Flat on Temperature Module GEN1 on 3 at 92.86 uL/sec
	Aspirating 100.0 uL from A2 of NEST 96 Well Plate 100 µL PCR Full Skirt on Magnetic Module GEN2 on 2 at 92.86 uL/sec
	Dispensing 100.0 uL into B2 of Corning 96 Well Plate 360 µL Flat on Temperature Module GEN1 on 3 at 92.86 uL/sec
	Mixing 3 times with a volume of 50.0 ul
		Aspirating 50.0 uL from B2 of Corning 96 Well Plate 360 µL Flat on Temperature Module GEN1 on 3 at 92.86 uL/sec
		Dispensing 50.0 uL into B2 of Corning 96 Well Plate 360 µL Flat on Temperature Module GEN1 on 3 at 92.86 uL/sec
		Aspirating 50.0 uL from B2 of Corning 96 Well Plate 360 µL Flat on Temperature Module GEN1 on 3 at 92.86 uL/sec
		Dispensing 50.0 uL into B2 of Corning 96 Well Plate 360 µL Flat on Temperature Module GEN1 on 3 at 92.86 uL/sec
		Aspirating 50.0 uL from B2 of Corning 96 Well Plate 360 µL Flat on Temperature Module GEN1 on 3 at 92.86 uL/sec
		Dispensing 50.0 uL into B2 of Corning 96 Well Plate 360 µL Flat on Temperature Module GEN1 on 3 at 92.86 uL/sec
	Aspirating 100.0 uL from A2 of NEST 96 Well Plate 100 µL PCR Full Skirt on Magnetic Module GEN2 on 2 at 92.86 uL/sec
	Dispensing 100.0 uL into B3 of Corning 96 Well Plate 360 µL Flat on Temperature Module GEN1 on 3 at 92.86 uL/sec
	Mixing 3 times with a volume of 50.0 ul
		Aspirating 50.0 uL from B3 of Corning 96 Well Plate 360 µL Flat on Temperature Module GEN1 on 3 at 92.86 uL/sec
		Dispensing 50.0 uL into B3 of Corning 96 Well Plate 360 µL Flat on Temperature Module GEN1 on 3 at 92.86 uL/sec
		Aspirating 50.0 uL from B3 of Corning 96 Well Plate 360 µL Flat on Temperature Module GEN1 on 3 at 92.86 uL/sec
		Dispensing 50.0 uL into B3 of Corning 96 Well Plate 360 µL Flat on Temperature Module GEN1 on 3 at 92.86 uL/sec
		Aspirating 50.0 uL from B3 of Corning 96 Well Plate 360 µL Flat on Temperature Module GEN1 on 3 at 92.86 uL/sec
		Dispensing 50.0 uL into B3 of Corning 96 Well Plate 360 µL Flat on Temperature Module GEN1 on 3 at 92.86 uL/sec
	Aspirating 100.0 uL from A2 of NEST 96 Well Plate 100 µL PCR Full Skirt on Magnetic Module GEN2 on 2 at 92.86 uL/sec
	Dispensing 100.0 uL into B4 of Corning 96 Well Plate 360 µL Flat on Temperature Module GEN1 on 3 at 92.86 uL/sec
	Mixing 3 times with a volume of 50.0 ul
		Aspirating 50.0 uL from B4 of Corning 96 Well Plate 360 µL Flat on Temperature Module GEN1 on 3 at 92.86 uL/sec
		Dispensing 50.0 uL into B4 of Corning 96 Well Plate 360 µL Flat on Temperature Module GEN1 on 3 at 92.86 uL/sec
		Aspirating 50.0 uL from B4 of Corning 96 Well Plate 360 µL Flat on Temperature Module GEN1 on 3 at 92.86 uL/sec
		Dispensing 50.0 uL into B4 of Corning 96 Well Plate 360 µL Flat on Temperature Module GEN1 on 3 at 92.86 uL/sec
		Aspirating 50.0 uL from B4 of Corning 96 Well Plate 360 µL Flat on Temperature Module GEN1 on 3 at 92.86 uL/sec
		Dispensing 50.0 uL into B4 of Corning 96 Well Plate 360 µL Flat on Temperature Module GEN1 on 3 at 92.86 uL/sec
	Aspirating 100.0 uL from A2 of NEST 96 Well Plate 100 µL PCR Full Skirt on Magnetic Module GEN2 on 2 at 92.86 uL/sec
	Dispensing 100.0 uL into B5 of Corning 96 Well Plate 360 µL Flat on Temperature Module GEN1 on 3 at 92.86 uL/sec
	Mixing 3 times with a volume of 50.0 ul
		Aspirating 50.0 uL from B5 of Corning 96 Well Plate 360 µL Flat on Temperature Module GEN1 on 3 at 92.86 uL/sec
		Dispensing 50.0 uL into B5 of Corning 96 Well Plate 360 µL Flat on Temperature Module GEN1 on 3 at 92.86 uL/sec
		Aspirating 50.0 uL from B5 of Corning 96 Well Plate 360 µL Flat on Temperature Module GEN1 on 3 at 92.86 uL/sec
		Dispensing 50.0 uL into B5 of Corning 96 Well Plate 360 µL Flat on Temperature Module GEN1 on 3 at 92.86 uL/sec
		Aspirating 50.0 uL from B5 of Corning 96 Well Plate 360 µL Flat on Temperature Module GEN1 on 3 at 92.86 uL/sec
		Dispensing 50.0 uL into B5 of Corning 96 Well Plate 360 µL Flat on Temperature Module GEN1 on 3 at 92.86 uL/sec
	Aspirating 100.0 uL from A2 of NEST 96 Well Plate 100 µL PCR Full Skirt on Magnetic Module GEN2 on 2 at 92.86 uL/sec
	Dispensing 100.0 uL into B6 of Corning 96 Well Plate 360 µL Flat on Temperature Module GEN1 on 3 at 92.86 uL/sec
	Mixing 3 times with a volume of 50.0 ul
		Aspirating 50.0 uL from B6 of Corning 96 Well Plate 360 µL Flat on Temperature Module GEN1 on 3 at 92.86 uL/sec
		Dispensing 50.0 uL into B6 of Corning 96 Well Plate 360 µL Flat on Temperature Module GEN1 on 3 at 92.86 uL/sec
		Aspirating 50.0 uL from B6 of Corning 96 Well Plate 360 µL Flat on Temperature Module GEN1 on 3 at 92.86 uL/sec
		Dispensing 50.0 uL into B6 of Corning 96 Well Plate 360 µL Flat on Temperature Module GEN1 on 3 at 92.86 uL/sec
		Aspirating 50.0 uL from B6 of Corning 96 Well Plate 360 µL Flat on Temperature Module GEN1 on 3 at 92.86 uL/sec
		Dispensing 50.0 uL into B6 of Corning 96 Well Plate 360 µL Flat on Temperature Module GEN1 on 3 at 92.86 uL/sec
	Aspirating 100.0 uL from A2 of NEST 96 Well Plate 100 µL PCR Full Skirt on Magnetic Module GEN2 on 2 at 92.86 uL/sec
	Dispensing 100.0 uL into B7 of Corning 96 Well Plate 360 µL Flat on Temperature Module GEN1 on 3 at 92.86 uL/sec
	Mixing 3 times with a volume of 50.0 ul
		Aspirating 50.0 uL from B7 of Corning 96 Well Plate 360 µL Flat on Temperature Module GEN1 on 3 at 92.86 uL/sec
		Dispensing 50.0 uL into B7 of Corning 96 Well Plate 360 µL Flat on Temperature Module GEN1 on 3 at 92.86 uL/sec
		Aspirating 50.0 uL from B7 of Corning 96 Well Plate 360 µL Flat on Temperature Module GEN1 on 3 at 92.86 uL/sec
		Dispensing 50.0 uL into B7 of Corning 96 Well Plate 360 µL Flat on Temperature Module GEN1 on 3 at 92.86 uL/sec
		Aspirating 50.0 uL from B7 of Corning 96 Well Plate 360 µL Flat on Temperature Module GEN1 on 3 at 92.86 uL/sec
		Dispensing 50.0 uL into B7 of Corning 96 Well Plate 360 µL Flat on Temperature Module GEN1 on 3 at 92.86 uL/sec
	Aspirating 100.0 uL from A2 of NEST 96 Well Plate 100 µL PCR Full Skirt on Magnetic Module GEN2 on 2 at 92.86 uL/sec
	Dispensing 100.0 uL into B8 of Corning 96 Well Plate 360 µL Flat on Temperature Module GEN1 on 3 at 92.86 uL/sec
	Mixing 3 times with a volume of 50.0 ul
		Aspirating 50.0 uL from B8 of Corning 96 Well Plate 360 µL Flat on Temperature Module GEN1 on 3 at 92.86 uL/sec
		Dispensing 50.0 uL into B8 of Corning 96 Well Plate 360 µL Flat on Temperature Module GEN1 on 3 at 92.86 uL/sec
		Aspirating 50.0 uL from B8 of Corning 96 Well Plate 360 µL Flat on Temperature Module GEN1 on 3 at 92.86 uL/sec
		Dispensing 50.0 uL into B8 of Corning 96 Well Plate 360 µL Flat on Temperature Module GEN1 on 3 at 92.86 uL/sec
		Aspirating 50.0 uL from B8 of Corning 96 Well Plate 360 µL Flat on Temperature Module GEN1 on 3 at 92.86 uL/sec
		Dispensing 50.0 uL into B8 of Corning 96 Well Plate 360 µL Flat on Temperature Module GEN1 on 3 at 92.86 uL/sec
	Aspirating 100.0 uL from A2 of NEST 96 Well Plate 100 µL PCR Full Skirt on Magnetic Module GEN2 on 2 at 92.86 uL/sec
	Dispensing 100.0 uL into B9 of Corning 96 Well Plate 360 µL Flat on Temperature Module GEN1 on 3 at 92.86 uL/sec
	Mixing 3 times with a volume of 50.0 ul
		Aspirating 50.0 uL from B9 of Corning 96 Well Plate 360 µL Flat on Temperature Module GEN1 on 3 at 92.86 uL/sec
		Dispensing 50.0 uL into B9 of Corning 96 Well Plate 360 µL Flat on Temperature Module GEN1 on 3 at 92.86 uL/sec
		Aspirating 50.0 uL from B9 of Corning 96 Well Plate 360 µL Flat on Temperature Module GEN1 on 3 at 92.86 uL/sec
		Dispensing 50.0 uL into B9 of Corning 96 Well Plate 360 µL Flat on Temperature Module GEN1 on 3 at 92.86 uL/sec
		Aspirating 50.0 uL from B9 of Corning 96 Well Plate 360 µL Flat on Temperature Module GEN1 on 3 at 92.86 uL/sec
		Dispensing 50.0 uL into B9 of Corning 96 Well Plate 360 µL Flat on Temperature Module GEN1 on 3 at 92.86 uL/sec
	Aspirating 100.0 uL from A2 of NEST 96 Well Plate 100 µL PCR Full Skirt on Magnetic Module GEN2 on 2 at 92.86 uL/sec
	Dispensing 100.0 uL into B10 of Corning 96 Well Plate 360 µL Flat on Temperature Module GEN1 on 3 at 92.86 uL/sec
	Mixing 3 times with a volume of 50.0 ul
		Aspirating 50.0 uL from B10 of Corning 96 Well Plate 360 µL Flat on Temperature Module GEN1 on 3 at 92.86 uL/sec
		Dispensing 50.0 uL into B10 of Corning 96 Well Plate 360 µL Flat on Temperature Module GEN1 on 3 at 92.86 uL/sec
		Aspirating 50.0 uL from B10 of Corning 96 Well Plate 360 µL Flat on Temperature Module GEN1 on 3 at 92.86 uL/sec
		Dispensing 50.0 uL into B10 of Corning 96 Well Plate 360 µL Flat on Temperature Module GEN1 on 3 at 92.86 uL/sec
		Aspirating 50.0 uL from B10 of Corning 96 Well Plate 360 µL Flat on Temperature Module GEN1 on 3 at 92.86 uL/sec
		Dispensing 50.0 uL into B10 of Corning 96 Well Plate 360 µL Flat on Temperature Module GEN1 on 3 at 92.86 uL/sec
	Aspirating 100.0 uL from A2 of NEST 96 Well Plate 100 µL PCR Full Skirt on Magnetic Module GEN2 on 2 at 92.86 uL/sec
	Dispensing 100.0 uL into B11 of Corning 96 Well Plate 360 µL Flat on Temperature Module GEN1 on 3 at 92.86 uL/sec
	Mixing 3 times with a volume of 50.0 ul
		Aspirating 50.0 uL from B11 of Corning 96 Well Plate 360 µL Flat on Temperature Module GEN1 on 3 at 92.86 uL/sec
		Dispensing 50.0 uL into B11 of Corning 96 Well Plate 360 µL Flat on Temperature Module GEN1 on 3 at 92.86 uL/sec
		Aspirating 50.0 uL from B11 of Corning 96 Well Plate 360 µL Flat on Temperature Module GEN1 on 3 at 92.86 uL/sec
		Dispensing 50.0 uL into B11 of Corning 96 Well Plate 360 µL Flat on Temperature Module GEN1 on 3 at 92.86 uL/sec
		Aspirating 50.0 uL from B11 of Corning 96 Well Plate 360 µL Flat on Temperature Module GEN1 on 3 at 92.86 uL/sec
		Dispensing 50.0 uL into B11 of Corning 96 Well Plate 360 µL Flat on Temperature Module GEN1 on 3 at 92.86 uL/sec
	Aspirating 100.0 uL from A2 of NEST 96 Well Plate 100 µL PCR Full Skirt on Magnetic Module GEN2 on 2 at 92.86 uL/sec
	Dispensing 100.0 uL into B12 of Corning 96 Well Plate 360 µL Flat on Temperature Module GEN1 on 3 at 92.86 uL/sec
	Mixing 3 times with a volume of 50.0 ul
		Aspirating 50.0 uL from B12 of Corning 96 Well Plate 360 µL Flat on Temperature Module GEN1 on 3 at 92.86 uL/sec
		Dispensing 50.0 uL into B12 of Corning 96 Well Plate 360 µL Flat on Temperature Module GEN1 on 3 at 92.86 uL/sec
		Aspirating 50.0 uL from B12 of Corning 96 Well Plate 360 µL Flat on Temperature Module GEN1 on 3 at 92.86 uL/sec
		Dispensing 50.0 uL into B12 of Corning 96 Well Plate 360 µL Flat on Temperature Module GEN1 on 3 at 92.86 uL/sec
		Aspirating 50.0 uL from B12 of Corning 96 Well Plate 360 µL Flat on Temperature Module GEN1 on 3 at 92.86 uL/sec
		Dispensing 50.0 uL into B12 of Corning 96 Well Plate 360 µL Flat on Temperature Module GEN1 on 3 at 92.86 uL/sec
	Dropping tip into A1 of Opentrons Fixed Trash on 12
Delaying for 0 minutes and 2.0 seconds
Transferring 100.0 from A1 of NEST 12 Well Reservoir 15 mL on 4 to A1 of NEST 96 Well Plate 200 µL Flat on 5
	Picking up tip from B1 of Opentrons 96 Tip Rack 300 µL on 1
	Aspirating 100.0 uL from A1 of NEST 12 Well Reservoir 15 mL on 4 at 92.86 uL/sec
	Dispensing 100.0 uL into A1 of NEST 96 Well Plate 200 µL Flat on 5 at 92.86 uL/sec
	Aspirating 100.0 uL from A1 of NEST 12 Well Reservoir 15 mL on 4 at 92.86 uL/sec
	Dispensing 100.0 uL into B1 of NEST 96 Well Plate 200 µL Flat on 5 at 92.86 uL/sec
	Aspirating 100.0 uL from A1 of NEST 12 Well Reservoir 15 mL on 4 at 92.86 uL/sec
	Dispensing 100.0 uL into C1 of NEST 96 Well Plate 200 µL Flat on 5 at 92.86 uL/sec
	Aspirating 100.0 uL from A1 of NEST 12 Well Reservoir 15 mL on 4 at 92.86 uL/sec
	Dispensing 100.0 uL into D1 of NEST 96 Well Plate 200 µL Flat on 5 at 92.86 uL/sec
	Aspirating 100.0 uL from A1 of NEST 12 Well Reservoir 15 mL on 4 at 92.86 uL/sec
	Dispensing 100.0 uL into E1 of NEST 96 Well Plate 200 µL Flat on 5 at 92.86 uL/sec
	Aspirating 100.0 uL from A1 of NEST 12 Well Reservoir 15 mL on 4 at 92.86 uL/sec
	Dispensing 100.0 uL into F1 of NEST 96 Well Plate 200 µL Flat on 5 at 92.86 uL/sec
	Aspirating 100.0 uL from A1 of NEST 12 Well Reservoir 15 mL on 4 at 92.86 uL/sec
	Dispensing 100.0 uL into G1 of NEST 96 Well Plate 200 µL Flat on 5 at 92.86 uL/sec
	Aspirating 100.0 uL from A1 of NEST 12 Well Reservoir 15 mL on 4 at 92.86 uL/sec
	Dispensing 100.0 uL into H1 of NEST 96 Well Plate 200 µL Flat on 5 at 92.86 uL/sec
	Aspirating 100.0 uL from A1 of NEST 12 Well Reservoir 15 mL on 4 at 92.86 uL/sec
	Dispensing 100.0 uL into A2 of NEST 96 Well Plate 200 µL Flat on 5 at 92.86 uL/sec
	Aspirating 100.0 uL from A1 of NEST 12 Well Reservoir 15 mL on 4 at 92.86 uL/sec
	Dispensing 100.0 uL into B2 of NEST 96 Well Plate 200 µL Flat on 5 at 92.86 uL/sec
	Aspirating 100.0 uL from A1 of NEST 12 Well Reservoir 15 mL on 4 at 92.86 uL/sec
	Dispensing 100.0 uL into C2 of NEST 96 Well Plate 200 µL Flat on 5 at 92.86 uL/sec
	Aspirating 100.0 uL from A1 of NEST 12 Well Reservoir 15 mL on 4 at 92.86 uL/sec
	Dispensing 100.0 uL into D2 of NEST 96 Well Plate 200 µL Flat on 5 at 92.86 uL/sec
	Aspirating 100.0 uL from A1 of NEST 12 Well Reservoir 15 mL on 4 at 92.86 uL/sec
	Dispensing 100.0 uL into E2 of NEST 96 Well Plate 200 µL Flat on 5 at 92.86 uL/sec
	Aspirating 100.0 uL from A1 of NEST 12 Well Reservoir 15 mL on 4 at 92.86 uL/sec
	Dispensing 100.0 uL into F2 of NEST 96 Well Plate 200 µL Flat on 5 at 92.86 uL/sec
	Aspirating 100.0 uL from A1 of NEST 12 Well Reservoir 15 mL on 4 at 92.86 uL/sec
	Dispensing 100.0 uL into G2 of NEST 96 Well Plate 200 µL Flat on 5 at 92.86 uL/sec
	Aspirating 100.0 uL from A1 of NEST 12 Well Reservoir 15 mL on 4 at 92.86 uL/sec
	Dispensing 100.0 uL into H2 of NEST 96 Well Plate 200 µL Flat on 5 at 92.86 uL/sec
	Aspirating 100.0 uL from A1 of NEST 12 Well Reservoir 15 mL on 4 at 92.86 uL/sec
	Dispensing 100.0 uL into A3 of NEST 96 Well Plate 200 µL Flat on 5 at 92.86 uL/sec
	Aspirating 100.0 uL from A1 of NEST 12 Well Reservoir 15 mL on 4 at 92.86 uL/sec
	Dispensing 100.0 uL into B3 of NEST 96 Well Plate 200 µL Flat on 5 at 92.86 uL/sec
	Aspirating 100.0 uL from A1 of NEST 12 Well Reservoir 15 mL on 4 at 92.86 uL/sec
	Dispensing 100.0 uL into C3 of NEST 96 Well Plate 200 µL Flat on 5 at 92.86 uL/sec
	Aspirating 100.0 uL from A1 of NEST 12 Well Reservoir 15 mL on 4 at 92.86 uL/sec
	Dispensing 100.0 uL into D3 of NEST 96 Well Plate 200 µL Flat on 5 at 92.86 uL/sec
	Aspirating 100.0 uL from A1 of NEST 12 Well Reservoir 15 mL on 4 at 92.86 uL/sec
	Dispensing 100.0 uL into E3 of NEST 96 Well Plate 200 µL Flat on 5 at 92.86 uL/sec
	Aspirating 100.0 uL from A1 of NEST 12 Well Reservoir 15 mL on 4 at 92.86 uL/sec
	Dispensing 100.0 uL into F3 of NEST 96 Well Plate 200 µL Flat on 5 at 92.86 uL/sec
	Aspirating 100.0 uL from A1 of NEST 12 Well Reservoir 15 mL on 4 at 92.86 uL/sec
	Dispensing 100.0 uL into G3 of NEST 96 Well Plate 200 µL Flat on 5 at 92.86 uL/sec
	Aspirating 100.0 uL from A1 of NEST 12 Well Reservoir 15 mL on 4 at 92.86 uL/sec
	Dispensing 100.0 uL into H3 of NEST 96 Well Plate 200 µL Flat on 5 at 92.86 uL/sec
	Aspirating 100.0 uL from A1 of NEST 12 Well Reservoir 15 mL on 4 at 92.86 uL/sec
	Dispensing 100.0 uL into A4 of NEST 96 Well Plate 200 µL Flat on 5 at 92.86 uL/sec
	Aspirating 100.0 uL from A1 of NEST 12 Well Reservoir 15 mL on 4 at 92.86 uL/sec
	Dispensing 100.0 uL into B4 of NEST 96 Well Plate 200 µL Flat on 5 at 92.86 uL/sec
	Aspirating 100.0 uL from A1 of NEST 12 Well Reservoir 15 mL on 4 at 92.86 uL/sec
	Dispensing 100.0 uL into C4 of NEST 96 Well Plate 200 µL Flat on 5 at 92.86 uL/sec
	Aspirating 100.0 uL from A1 of NEST 12 Well Reservoir 15 mL on 4 at 92.86 uL/sec
	Dispensing 100.0 uL into D4 of NEST 96 Well Plate 200 µL Flat on 5 at 92.86 uL/sec
	Aspirating 100.0 uL from A1 of NEST 12 Well Reservoir 15 mL on 4 at 92.86 uL/sec
	Dispensing 100.0 uL into E4 of NEST 96 Well Plate 200 µL Flat on 5 at 92.86 uL/sec
	Aspirating 100.0 uL from A1 of NEST 12 Well Reservoir 15 mL on 4 at 92.86 uL/sec
	Dispensing 100.0 uL into F4 of NEST 96 Well Plate 200 µL Flat on 5 at 92.86 uL/sec
	Aspirating 100.0 uL from A1 of NEST 12 Well Reservoir 15 mL on 4 at 92.86 uL/sec
	Dispensing 100.0 uL into G4 of NEST 96 Well Plate 200 µL Flat on 5 at 92.86 uL/sec
	Aspirating 100.0 uL from A1 of NEST 12 Well Reservoir 15 mL on 4 at 92.86 uL/sec
	Dispensing 100.0 uL into H4 of NEST 96 Well Plate 200 µL Flat on 5 at 92.86 uL/sec
	Aspirating 100.0 uL from A1 of NEST 12 Well Reservoir 15 mL on 4 at 92.86 uL/sec
	Dispensing 100.0 uL into A5 of NEST 96 Well Plate 200 µL Flat on 5 at 92.86 uL/sec
	Aspirating 100.0 uL from A1 of NEST 12 Well Reservoir 15 mL on 4 at 92.86 uL/sec
	Dispensing 100.0 uL into B5 of NEST 96 Well Plate 200 µL Flat on 5 at 92.86 uL/sec
	Aspirating 100.0 uL from A1 of NEST 12 Well Reservoir 15 mL on 4 at 92.86 uL/sec
	Dispensing 100.0 uL into C5 of NEST 96 Well Plate 200 µL Flat on 5 at 92.86 uL/sec
	Aspirating 100.0 uL from A1 of NEST 12 Well Reservoir 15 mL on 4 at 92.86 uL/sec
	Dispensing 100.0 uL into D5 of NEST 96 Well Plate 200 µL Flat on 5 at 92.86 uL/sec
	Aspirating 100.0 uL from A1 of NEST 12 Well Reservoir 15 mL on 4 at 92.86 uL/sec
	Dispensing 100.0 uL into E5 of NEST 96 Well Plate 200 µL Flat on 5 at 92.86 uL/sec
	Aspirating 100.0 uL from A1 of NEST 12 Well Reservoir 15 mL on 4 at 92.86 uL/sec
	Dispensing 100.0 uL into F5 of NEST 96 Well Plate 200 µL Flat on 5 at 92.86 uL/sec
	Aspirating 100.0 uL from A1 of NEST 12 Well Reservoir 15 mL on 4 at 92.86 uL/sec
	Dispensing 100.0 uL into G5 of NEST 96 Well Plate 200 µL Flat on 5 at 92.86 uL/sec
	Aspirating 100.0 uL from A1 of NEST 12 Well Reservoir 15 mL on 4 at 92.86 uL/sec
	Dispensing 100.0 uL into H5 of NEST 96 Well Plate 200 µL Flat on 5 at 92.86 uL/sec
	Aspirating 100.0 uL from A1 of NEST 12 Well Reservoir 15 mL on 4 at 92.86 uL/sec
	Dispensing 100.0 uL into A6 of NEST 96 Well Plate 200 µL Flat on 5 at 92.86 uL/sec
	Aspirating 100.0 uL from A1 of NEST 12 Well Reservoir 15 mL on 4 at 92.86 uL/sec
	Dispensing 100.0 uL into B6 of NEST 96 Well Plate 200 µL Flat on 5 at 92.86 uL/sec
	Aspirating 100.0 uL from A1 of NEST 12 Well Reservoir 15 mL on 4 at 92.86 uL/sec
	Dispensing 100.0 uL into C6 of NEST 96 Well Plate 200 µL Flat on 5 at 92.86 uL/sec
	Aspirating 100.0 uL from A1 of NEST 12 Well Reservoir 15 mL on 4 at 92.86 uL/sec
	Dispensing 100.0 uL into D6 of NEST 96 Well Plate 200 µL Flat on 5 at 92.86 uL/sec
	Aspirating 100.0 uL from A1 of NEST 12 Well Reservoir 15 mL on 4 at 92.86 uL/sec
	Dispensing 100.0 uL into E6 of NEST 96 Well Plate 200 µL Flat on 5 at 92.86 uL/sec
	Aspirating 100.0 uL from A1 of NEST 12 Well Reservoir 15 mL on 4 at 92.86 uL/sec
	Dispensing 100.0 uL into F6 of NEST 96 Well Plate 200 µL Flat on 5 at 92.86 uL/sec
	Aspirating 100.0 uL from A1 of NEST 12 Well Reservoir 15 mL on 4 at 92.86 uL/sec
	Dispensing 100.0 uL into G6 of NEST 96 Well Plate 200 µL Flat on 5 at 92.86 uL/sec
	Aspirating 100.0 uL from A1 of NEST 12 Well Reservoir 15 mL on 4 at 92.86 uL/sec
	Dispensing 100.0 uL into H6 of NEST 96 Well Plate 200 µL Flat on 5 at 92.86 uL/sec
	Aspirating 100.0 uL from A1 of NEST 12 Well Reservoir 15 mL on 4 at 92.86 uL/sec
	Dispensing 100.0 uL into A7 of NEST 96 Well Plate 200 µL Flat on 5 at 92.86 uL/sec
	Aspirating 100.0 uL from A1 of NEST 12 Well Reservoir 15 mL on 4 at 92.86 uL/sec
	Dispensing 100.0 uL into B7 of NEST 96 Well Plate 200 µL Flat on 5 at 92.86 uL/sec
	Aspirating 100.0 uL from A1 of NEST 12 Well Reservoir 15 mL on 4 at 92.86 uL/sec
	Dispensing 100.0 uL into C7 of NEST 96 Well Plate 200 µL Flat on 5 at 92.86 uL/sec
	Aspirating 100.0 uL from A1 of NEST 12 Well Reservoir 15 mL on 4 at 92.86 uL/sec
	Dispensing 100.0 uL into D7 of NEST 96 Well Plate 200 µL Flat on 5 at 92.86 uL/sec
	Aspirating 100.0 uL from A1 of NEST 12 Well Reservoir 15 mL on 4 at 92.86 uL/sec
	Dispensing 100.0 uL into E7 of NEST 96 Well Plate 200 µL Flat on 5 at 92.86 uL/sec
	Aspirating 100.0 uL from A1 of NEST 12 Well Reservoir 15 mL on 4 at 92.86 uL/sec
	Dispensing 100.0 uL into F7 of NEST 96 Well Plate 200 µL Flat on 5 at 92.86 uL/sec
	Aspirating 100.0 uL from A1 of NEST 12 Well Reservoir 15 mL on 4 at 92.86 uL/sec
	Dispensing 100.0 uL into G7 of NEST 96 Well Plate 200 µL Flat on 5 at 92.86 uL/sec
	Aspirating 100.0 uL from A1 of NEST 12 Well Reservoir 15 mL on 4 at 92.86 uL/sec
	Dispensing 100.0 uL into H7 of NEST 96 Well Plate 200 µL Flat on 5 at 92.86 uL/sec
	Aspirating 100.0 uL from A1 of NEST 12 Well Reservoir 15 mL on 4 at 92.86 uL/sec
	Dispensing 100.0 uL into A8 of NEST 96 Well Plate 200 µL Flat on 5 at 92.86 uL/sec
	Aspirating 100.0 uL from A1 of NEST 12 Well Reservoir 15 mL on 4 at 92.86 uL/sec
	Dispensing 100.0 uL into B8 of NEST 96 Well Plate 200 µL Flat on 5 at 92.86 uL/sec
	Aspirating 100.0 uL from A1 of NEST 12 Well Reservoir 15 mL on 4 at 92.86 uL/sec
	Dispensing 100.0 uL into C8 of NEST 96 Well Plate 200 µL Flat on 5 at 92.86 uL/sec
	Aspirating 100.0 uL from A1 of NEST 12 Well Reservoir 15 mL on 4 at 92.86 uL/sec
	Dispensing 100.0 uL into D8 of NEST 96 Well Plate 200 µL Flat on 5 at 92.86 uL/sec
	Aspirating 100.0 uL from A1 of NEST 12 Well Reservoir 15 mL on 4 at 92.86 uL/sec
	Dispensing 100.0 uL into E8 of NEST 96 Well Plate 200 µL Flat on 5 at 92.86 uL/sec
	Aspirating 100.0 uL from A1 of NEST 12 Well Reservoir 15 mL on 4 at 92.86 uL/sec
	Dispensing 100.0 uL into F8 of NEST 96 Well Plate 200 µL Flat on 5 at 92.86 uL/sec
	Aspirating 100.0 uL from A1 of NEST 12 Well Reservoir 15 mL on 4 at 92.86 uL/sec
	Dispensing 100.0 uL into G8 of NEST 96 Well Plate 200 µL Flat on 5 at 92.86 uL/sec
	Aspirating 100.0 uL from A1 of NEST 12 Well Reservoir 15 mL on 4 at 92.86 uL/sec
	Dispensing 100.0 uL into H8 of NEST 96 Well Plate 200 µL Flat on 5 at 92.86 uL/sec
	Aspirating 100.0 uL from A1 of NEST 12 Well Reservoir 15 mL on 4 at 92.86 uL/sec
	Dispensing 100.0 uL into A9 of NEST 96 Well Plate 200 µL Flat on 5 at 92.86 uL/sec
	Aspirating 100.0 uL from A1 of NEST 12 Well Reservoir 15 mL on 4 at 92.86 uL/sec
	Dispensing 100.0 uL into B9 of NEST 96 Well Plate 200 µL Flat on 5 at 92.86 uL/sec
	Aspirating 100.0 uL from A1 of NEST 12 Well Reservoir 15 mL on 4 at 92.86 uL/sec
	Dispensing 100.0 uL into C9 of NEST 96 Well Plate 200 µL Flat on 5 at 92.86 uL/sec
	Aspirating 100.0 uL from A1 of NEST 12 Well Reservoir 15 mL on 4 at 92.86 uL/sec
	Dispensing 100.0 uL into D9 of NEST 96 Well Plate 200 µL Flat on 5 at 92.86 uL/sec
	Aspirating 100.0 uL from A1 of NEST 12 Well Reservoir 15 mL on 4 at 92.86 uL/sec
	Dispensing 100.0 uL into E9 of NEST 96 Well Plate 200 µL Flat on 5 at 92.86 uL/sec
	Aspirating 100.0 uL from A1 of NEST 12 Well Reservoir 15 mL on 4 at 92.86 uL/sec
	Dispensing 100.0 uL into F9 of NEST 96 Well Plate 200 µL Flat on 5 at 92.86 uL/sec
	Aspirating 100.0 uL from A1 of NEST 12 Well Reservoir 15 mL on 4 at 92.86 uL/sec
	Dispensing 100.0 uL into G9 of NEST 96 Well Plate 200 µL Flat on 5 at 92.86 uL/sec
	Aspirating 100.0 uL from A1 of NEST 12 Well Reservoir 15 mL on 4 at 92.86 uL/sec
	Dispensing 100.0 uL into H9 of NEST 96 Well Plate 200 µL Flat on 5 at 92.86 uL/sec
	Aspirating 100.0 uL from A1 of NEST 12 Well Reservoir 15 mL on 4 at 92.86 uL/sec
	Dispensing 100.0 uL into A10 of NEST 96 Well Plate 200 µL Flat on 5 at 92.86 uL/sec
	Aspirating 100.0 uL from A1 of NEST 12 Well Reservoir 15 mL on 4 at 92.86 uL/sec
	Dispensing 100.0 uL into B10 of NEST 96 Well Plate 200 µL Flat on 5 at 92.86 uL/sec
	Aspirating 100.0 uL from A1 of NEST 12 Well Reservoir 15 mL on 4 at 92.86 uL/sec
	Dispensing 100.0 uL into C10 of NEST 96 Well Plate 200 µL Flat on 5 at 92.86 uL/sec
	Aspirating 100.0 uL from A1 of NEST 12 Well Reservoir 15 mL on 4 at 92.86 uL/sec
	Dispensing 100.0 uL into D10 of NEST 96 Well Plate 200 µL Flat on 5 at 92.86 uL/sec
	Aspirating 100.0 uL from A1 of NEST 12 Well Reservoir 15 mL on 4 at 92.86 uL/sec
	Dispensing 100.0 uL into E10 of NEST 96 Well Plate 200 µL Flat on 5 at 92.86 uL/sec
	Aspirating 100.0 uL from A1 of NEST 12 Well Reservoir 15 mL on 4 at 92.86 uL/sec
	Dispensing 100.0 uL into F10 of NEST 96 Well Plate 200 µL Flat on 5 at 92.86 uL/sec
	Aspirating 100.0 uL from A1 of NEST 12 Well Reservoir 15 mL on 4 at 92.86 uL/sec
	Dispensing 100.0 uL into G10 of NEST 96 Well Plate 200 µL Flat on 5 at 92.86 uL/sec
	Aspirating 100.0 uL from A1 of NEST 12 Well Reservoir 15 mL on 4 at 92.86 uL/sec
	Dispensing 100.0 uL into H10 of NEST 96 Well Plate 200 µL Flat on 5 at 92.86 uL/sec
	Aspirating 100.0 uL from A1 of NEST 12 Well Reservoir 15 mL on 4 at 92.86 uL/sec
	Dispensing 100.0 uL into A11 of NEST 96 Well Plate 200 µL Flat on 5 at 92.86 uL/sec
	Aspirating 100.0 uL from A1 of NEST 12 Well Reservoir 15 mL on 4 at 92.86 uL/sec
	Dispensing 100.0 uL into B11 of NEST 96 Well Plate 200 µL Flat on 5 at 92.86 uL/sec
	Aspirating 100.0 uL from A1 of NEST 12 Well Reservoir 15 mL on 4 at 92.86 uL/sec
	Dispensing 100.0 uL into C11 of NEST 96 Well Plate 200 µL Flat on 5 at 92.86 uL/sec
	Aspirating 100.0 uL from A1 of NEST 12 Well Reservoir 15 mL on 4 at 92.86 uL/sec
	Dispensing 100.0 uL into D11 of NEST 96 Well Plate 200 µL Flat on 5 at 92.86 uL/sec
	Aspirating 100.0 uL from A1 of NEST 12 Well Reservoir 15 mL on 4 at 92.86 uL/sec
	Dispensing 100.0 uL into E11 of NEST 96 Well Plate 200 µL Flat on 5 at 92.86 uL/sec
	Aspirating 100.0 uL from A1 of NEST 12 Well Reservoir 15 mL on 4 at 92.86 uL/sec
	Dispensing 100.0 uL into F11 of NEST 96 Well Plate 200 µL Flat on 5 at 92.86 uL/sec
	Aspirating 100.0 uL from A1 of NEST 12 Well Reservoir 15 mL on 4 at 92.86 uL/sec
	Dispensing 100.0 uL into G11 of NEST 96 Well Plate 200 µL Flat on 5 at 92.86 uL/sec
	Aspirating 100.0 uL from A1 of NEST 12 Well Reservoir 15 mL on 4 at 92.86 uL/sec
	Dispensing 100.0 uL into H11 of NEST 96 Well Plate 200 µL Flat on 5 at 92.86 uL/sec
	Aspirating 100.0 uL from A1 of NEST 12 Well Reservoir 15 mL on 4 at 92.86 uL/sec
	Dispensing 100.0 uL into A12 of NEST 96 Well Plate 200 µL Flat on 5 at 92.86 uL/sec
	Aspirating 100.0 uL from A1 of NEST 12 Well Reservoir 15 mL on 4 at 92.86 uL/sec
	Dispensing 100.0 uL into B12 of NEST 96 Well Plate 200 µL Flat on 5 at 92.86 uL/sec
	Aspirating 100.0 uL from A1 of NEST 12 Well Reservoir 15 mL on 4 at 92.86 uL/sec
	Dispensing 100.0 uL into C12 of NEST 96 Well Plate 200 µL Flat on 5 at 92.86 uL/sec
	Aspirating 100.0 uL from A1 of NEST 12 Well Reservoir 15 mL on 4 at 92.86 uL/sec
	Dispensing 100.0 uL into D12 of NEST 96 Well Plate 200 µL Flat on 5 at 92.86 uL/sec
	Aspirating 100.0 uL from A1 of NEST 12 Well Reservoir 15 mL on 4 at 92.86 uL/sec
	Dispensing 100.0 uL into E12 of NEST 96 Well Plate 200 µL Flat on 5 at 92.86 uL/sec
	Aspirating 100.0 uL from A1 of NEST 12 Well Reservoir 15 mL on 4 at 92.86 uL/sec
	Dispensing 100.0 uL into F12 of NEST 96 Well Plate 200 µL Flat on 5 at 92.86 uL/sec
	Aspirating 100.0 uL from A1 of NEST 12 Well Reservoir 15 mL on 4 at 92.86 uL/sec
	Dispensing 100.0 uL into G12 of NEST 96 Well Plate 200 µL Flat on 5 at 92.86 uL/sec
	Aspirating 100.0 uL from A1 of NEST 12 Well Reservoir 15 mL on 4 at 92.86 uL/sec
	Dispensing 100.0 uL into H12 of NEST 96 Well Plate 200 µL Flat on 5 at 92.86 uL/sec
	Dropping tip into A1 of Opentrons Fixed Trash on 12
Transferring 100.0 from A1 of Agilent 1 Well Reservoir 290 mL on 6 to A1 of NEST 96 Well Plate 200 µL Flat on 5
	Picking up tip from C1 of Opentrons 96 Tip Rack 300 µL on 1
	Aspirating 100.0 uL from A1 of Agilent 1 Well Reservoir 290 mL on 6 at 92.86 uL/sec
	Dispensing 100.0 uL into A1 of NEST 96 Well Plate 200 µL Flat on 5 at 92.86 uL/sec
	Aspirating 100.0 uL from A1 of Agilent 1 Well Reservoir 290 mL on 6 at 92.86 uL/sec
	Dispensing 100.0 uL into B1 of NEST 96 Well Plate 200 µL Flat on 5 at 92.86 uL/sec
	Aspirating 100.0 uL from A1 of Agilent 1 Well Reservoir 290 mL on 6 at 92.86 uL/sec
	Dispensing 100.0 uL into C1 of NEST 96 Well Plate 200 µL Flat on 5 at 92.86 uL/sec
	Aspirating 100.0 uL from A1 of Agilent 1 Well Reservoir 290 mL on 6 at 92.86 uL/sec
	Dispensing 100.0 uL into D1 of NEST 96 Well Plate 200 µL Flat on 5 at 92.86 uL/sec
	Aspirating 100.0 uL from A1 of Agilent 1 Well Reservoir 290 mL on 6 at 92.86 uL/sec
	Dispensing 100.0 uL into E1 of NEST 96 Well Plate 200 µL Flat on 5 at 92.86 uL/sec
	Aspirating 100.0 uL from A1 of Agilent 1 Well Reservoir 290 mL on 6 at 92.86 uL/sec
	Dispensing 100.0 uL into F1 of NEST 96 Well Plate 200 µL Flat on 5 at 92.86 uL/sec
	Aspirating 100.0 uL from A1 of Agilent 1 Well Reservoir 290 mL on 6 at 92.86 uL/sec
	Dispensing 100.0 uL into G1 of NEST 96 Well Plate 200 µL Flat on 5 at 92.86 uL/sec
	Aspirating 100.0 uL from A1 of Agilent 1 Well Reservoir 290 mL on 6 at 92.86 uL/sec
	Dispensing 100.0 uL into H1 of NEST 96 Well Plate 200 µL Flat on 5 at 92.86 uL/sec
	Aspirating 100.0 uL from A1 of Agilent 1 Well Reservoir 290 mL on 6 at 92.86 uL/sec
	Dispensing 100.0 uL into A2 of NEST 96 Well Plate 200 µL Flat on 5 at 92.86 uL/sec
	Aspirating 100.0 uL from A1 of Agilent 1 Well Reservoir 290 mL on 6 at 92.86 uL/sec
	Dispensing 100.0 uL into B2 of NEST 96 Well Plate 200 µL Flat on 5 at 92.86 uL/sec
	Aspirating 100.0 uL from A1 of Agilent 1 Well Reservoir 290 mL on 6 at 92.86 uL/sec
	Dispensing 100.0 uL into C2 of NEST 96 Well Plate 200 µL Flat on 5 at 92.86 uL/sec
	Aspirating 100.0 uL from A1 of Agilent 1 Well Reservoir 290 mL on 6 at 92.86 uL/sec
	Dispensing 100.0 uL into D2 of NEST 96 Well Plate 200 µL Flat on 5 at 92.86 uL/sec
	Aspirating 100.0 uL from A1 of Agilent 1 Well Reservoir 290 mL on 6 at 92.86 uL/sec
	Dispensing 100.0 uL into E2 of NEST 96 Well Plate 200 µL Flat on 5 at 92.86 uL/sec
	Aspirating 100.0 uL from A1 of Agilent 1 Well Reservoir 290 mL on 6 at 92.86 uL/sec
	Dispensing 100.0 uL into F2 of NEST 96 Well Plate 200 µL Flat on 5 at 92.86 uL/sec
	Aspirating 100.0 uL from A1 of Agilent 1 Well Reservoir 290 mL on 6 at 92.86 uL/sec
	Dispensing 100.0 uL into G2 of NEST 96 Well Plate 200 µL Flat on 5 at 92.86 uL/sec
	Aspirating 100.0 uL from A1 of Agilent 1 Well Reservoir 290 mL on 6 at 92.86 uL/sec
	Dispensing 100.0 uL into H2 of NEST 96 Well Plate 200 µL Flat on 5 at 92.86 uL/sec
	Aspirating 100.0 uL from A1 of Agilent 1 Well Reservoir 290 mL on 6 at 92.86 uL/sec
	Dispensing 100.0 uL into A3 of NEST 96 Well Plate 200 µL Flat on 5 at 92.86 uL/sec
	Aspirating 100.0 uL from A1 of Agilent 1 Well Reservoir 290 mL on 6 at 92.86 uL/sec
	Dispensing 100.0 uL into B3 of NEST 96 Well Plate 200 µL Flat on 5 at 92.86 uL/sec
	Aspirating 100.0 uL from A1 of Agilent 1 Well Reservoir 290 mL on 6 at 92.86 uL/sec
	Dispensing 100.0 uL into C3 of NEST 96 Well Plate 200 µL Flat on 5 at 92.86 uL/sec
	Aspirating 100.0 uL from A1 of Agilent 1 Well Reservoir 290 mL on 6 at 92.86 uL/sec
	Dispensing 100.0 uL into D3 of NEST 96 Well Plate 200 µL Flat on 5 at 92.86 uL/sec
	Aspirating 100.0 uL from A1 of Agilent 1 Well Reservoir 290 mL on 6 at 92.86 uL/sec
	Dispensing 100.0 uL into E3 of NEST 96 Well Plate 200 µL Flat on 5 at 92.86 uL/sec
	Aspirating 100.0 uL from A1 of Agilent 1 Well Reservoir 290 mL on 6 at 92.86 uL/sec
	Dispensing 100.0 uL into F3 of NEST 96 Well Plate 200 µL Flat on 5 at 92.86 uL/sec
	Aspirating 100.0 uL from A1 of Agilent 1 Well Reservoir 290 mL on 6 at 92.86 uL/sec
	Dispensing 100.0 uL into G3 of NEST 96 Well Plate 200 µL Flat on 5 at 92.86 uL/sec
	Aspirating 100.0 uL from A1 of Agilent 1 Well Reservoir 290 mL on 6 at 92.86 uL/sec
	Dispensing 100.0 uL into H3 of NEST 96 Well Plate 200 µL Flat on 5 at 92.86 uL/sec
	Aspirating 100.0 uL from A1 of Agilent 1 Well Reservoir 290 mL on 6 at 92.86 uL/sec
	Dispensing 100.0 uL into A4 of NEST 96 Well Plate 200 µL Flat on 5 at 92.86 uL/sec
	Aspirating 100.0 uL from A1 of Agilent 1 Well Reservoir 290 mL on 6 at 92.86 uL/sec
	Dispensing 100.0 uL into B4 of NEST 96 Well Plate 200 µL Flat on 5 at 92.86 uL/sec
	Aspirating 100.0 uL from A1 of Agilent 1 Well Reservoir 290 mL on 6 at 92.86 uL/sec
	Dispensing 100.0 uL into C4 of NEST 96 Well Plate 200 µL Flat on 5 at 92.86 uL/sec
	Aspirating 100.0 uL from A1 of Agilent 1 Well Reservoir 290 mL on 6 at 92.86 uL/sec
	Dispensing 100.0 uL into D4 of NEST 96 Well Plate 200 µL Flat on 5 at 92.86 uL/sec
	Aspirating 100.0 uL from A1 of Agilent 1 Well Reservoir 290 mL on 6 at 92.86 uL/sec
	Dispensing 100.0 uL into E4 of NEST 96 Well Plate 200 µL Flat on 5 at 92.86 uL/sec
	Aspirating 100.0 uL from A1 of Agilent 1 Well Reservoir 290 mL on 6 at 92.86 uL/sec
	Dispensing 100.0 uL into F4 of NEST 96 Well Plate 200 µL Flat on 5 at 92.86 uL/sec
	Aspirating 100.0 uL from A1 of Agilent 1 Well Reservoir 290 mL on 6 at 92.86 uL/sec
	Dispensing 100.0 uL into G4 of NEST 96 Well Plate 200 µL Flat on 5 at 92.86 uL/sec
	Aspirating 100.0 uL from A1 of Agilent 1 Well Reservoir 290 mL on 6 at 92.86 uL/sec
	Dispensing 100.0 uL into H4 of NEST 96 Well Plate 200 µL Flat on 5 at 92.86 uL/sec
	Aspirating 100.0 uL from A1 of Agilent 1 Well Reservoir 290 mL on 6 at 92.86 uL/sec
	Dispensing 100.0 uL into A5 of NEST 96 Well Plate 200 µL Flat on 5 at 92.86 uL/sec
	Aspirating 100.0 uL from A1 of Agilent 1 Well Reservoir 290 mL on 6 at 92.86 uL/sec
	Dispensing 100.0 uL into B5 of NEST 96 Well Plate 200 µL Flat on 5 at 92.86 uL/sec
	Aspirating 100.0 uL from A1 of Agilent 1 Well Reservoir 290 mL on 6 at 92.86 uL/sec
	Dispensing 100.0 uL into C5 of NEST 96 Well Plate 200 µL Flat on 5 at 92.86 uL/sec
	Aspirating 100.0 uL from A1 of Agilent 1 Well Reservoir 290 mL on 6 at 92.86 uL/sec
	Dispensing 100.0 uL into D5 of NEST 96 Well Plate 200 µL Flat on 5 at 92.86 uL/sec
	Aspirating 100.0 uL from A1 of Agilent 1 Well Reservoir 290 mL on 6 at 92.86 uL/sec
	Dispensing 100.0 uL into E5 of NEST 96 Well Plate 200 µL Flat on 5 at 92.86 uL/sec
	Aspirating 100.0 uL from A1 of Agilent 1 Well Reservoir 290 mL on 6 at 92.86 uL/sec
	Dispensing 100.0 uL into F5 of NEST 96 Well Plate 200 µL Flat on 5 at 92.86 uL/sec
	Aspirating 100.0 uL from A1 of Agilent 1 Well Reservoir 290 mL on 6 at 92.86 uL/sec
	Dispensing 100.0 uL into G5 of NEST 96 Well Plate 200 µL Flat on 5 at 92.86 uL/sec
	Aspirating 100.0 uL from A1 of Agilent 1 Well Reservoir 290 mL on 6 at 92.86 uL/sec
	Dispensing 100.0 uL into H5 of NEST 96 Well Plate 200 µL Flat on 5 at 92.86 uL/sec
	Aspirating 100.0 uL from A1 of Agilent 1 Well Reservoir 290 mL on 6 at 92.86 uL/sec
	Dispensing 100.0 uL into A6 of NEST 96 Well Plate 200 µL Flat on 5 at 92.86 uL/sec
	Aspirating 100.0 uL from A1 of Agilent 1 Well Reservoir 290 mL on 6 at 92.86 uL/sec
	Dispensing 100.0 uL into B6 of NEST 96 Well Plate 200 µL Flat on 5 at 92.86 uL/sec
	Aspirating 100.0 uL from A1 of Agilent 1 Well Reservoir 290 mL on 6 at 92.86 uL/sec
	Dispensing 100.0 uL into C6 of NEST 96 Well Plate 200 µL Flat on 5 at 92.86 uL/sec
	Aspirating 100.0 uL from A1 of Agilent 1 Well Reservoir 290 mL on 6 at 92.86 uL/sec
	Dispensing 100.0 uL into D6 of NEST 96 Well Plate 200 µL Flat on 5 at 92.86 uL/sec
	Aspirating 100.0 uL from A1 of Agilent 1 Well Reservoir 290 mL on 6 at 92.86 uL/sec
	Dispensing 100.0 uL into E6 of NEST 96 Well Plate 200 µL Flat on 5 at 92.86 uL/sec
	Aspirating 100.0 uL from A1 of Agilent 1 Well Reservoir 290 mL on 6 at 92.86 uL/sec
	Dispensing 100.0 uL into F6 of NEST 96 Well Plate 200 µL Flat on 5 at 92.86 uL/sec
	Aspirating 100.0 uL from A1 of Agilent 1 Well Reservoir 290 mL on 6 at 92.86 uL/sec
	Dispensing 100.0 uL into G6 of NEST 96 Well Plate 200 µL Flat on 5 at 92.86 uL/sec
	Aspirating 100.0 uL from A1 of Agilent 1 Well Reservoir 290 mL on 6 at 92.86 uL/sec
	Dispensing 100.0 uL into H6 of NEST 96 Well Plate 200 µL Flat on 5 at 92.86 uL/sec
	Aspirating 100.0 uL from A1 of Agilent 1 Well Reservoir 290 mL on 6 at 92.86 uL/sec
	Dispensing 100.0 uL into A7 of NEST 96 Well Plate 200 µL Flat on 5 at 92.86 uL/sec
	Aspirating 100.0 uL from A1 of Agilent 1 Well Reservoir 290 mL on 6 at 92.86 uL/sec
	Dispensing 100.0 uL into B7 of NEST 96 Well Plate 200 µL Flat on 5 at 92.86 uL/sec
	Aspirating 100.0 uL from A1 of Agilent 1 Well Reservoir 290 mL on 6 at 92.86 uL/sec
	Dispensing 100.0 uL into C7 of NEST 96 Well Plate 200 µL Flat on 5 at 92.86 uL/sec
	Aspirating 100.0 uL from A1 of Agilent 1 Well Reservoir 290 mL on 6 at 92.86 uL/sec
	Dispensing 100.0 uL into D7 of NEST 96 Well Plate 200 µL Flat on 5 at 92.86 uL/sec
	Aspirating 100.0 uL from A1 of Agilent 1 Well Reservoir 290 mL on 6 at 92.86 uL/sec
	Dispensing 100.0 uL into E7 of NEST 96 Well Plate 200 µL Flat on 5 at 92.86 uL/sec
	Aspirating 100.0 uL from A1 of Agilent 1 Well Reservoir 290 mL on 6 at 92.86 uL/sec
	Dispensing 100.0 uL into F7 of NEST 96 Well Plate 200 µL Flat on 5 at 92.86 uL/sec
	Aspirating 100.0 uL from A1 of Agilent 1 Well Reservoir 290 mL on 6 at 92.86 uL/sec
	Dispensing 100.0 uL into G7 of NEST 96 Well Plate 200 µL Flat on 5 at 92.86 uL/sec
	Aspirating 100.0 uL from A1 of Agilent 1 Well Reservoir 290 mL on 6 at 92.86 uL/sec
	Dispensing 100.0 uL into H7 of NEST 96 Well Plate 200 µL Flat on 5 at 92.86 uL/sec
	Aspirating 100.0 uL from A1 of Agilent 1 Well Reservoir 290 mL on 6 at 92.86 uL/sec
	Dispensing 100.0 uL into A8 of NEST 96 Well Plate 200 µL Flat on 5 at 92.86 uL/sec
	Aspirating 100.0 uL from A1 of Agilent 1 Well Reservoir 290 mL on 6 at 92.86 uL/sec
	Dispensing 100.0 uL into B8 of NEST 96 Well Plate 200 µL Flat on 5 at 92.86 uL/sec
	Aspirating 100.0 uL from A1 of Agilent 1 Well Reservoir 290 mL on 6 at 92.86 uL/sec
	Dispensing 100.0 uL into C8 of NEST 96 Well Plate 200 µL Flat on 5 at 92.86 uL/sec
	Aspirating 100.0 uL from A1 of Agilent 1 Well Reservoir 290 mL on 6 at 92.86 uL/sec
	Dispensing 100.0 uL into D8 of NEST 96 Well Plate 200 µL Flat on 5 at 92.86 uL/sec
	Aspirating 100.0 uL from A1 of Agilent 1 Well Reservoir 290 mL on 6 at 92.86 uL/sec
	Dispensing 100.0 uL into E8 of NEST 96 Well Plate 200 µL Flat on 5 at 92.86 uL/sec
	Aspirating 100.0 uL from A1 of Agilent 1 Well Reservoir 290 mL on 6 at 92.86 uL/sec
	Dispensing 100.0 uL into F8 of NEST 96 Well Plate 200 µL Flat on 5 at 92.86 uL/sec
	Aspirating 100.0 uL from A1 of Agilent 1 Well Reservoir 290 mL on 6 at 92.86 uL/sec
	Dispensing 100.0 uL into G8 of NEST 96 Well Plate 200 µL Flat on 5 at 92.86 uL/sec
	Aspirating 100.0 uL from A1 of Agilent 1 Well Reservoir 290 mL on 6 at 92.86 uL/sec
	Dispensing 100.0 uL into H8 of NEST 96 Well Plate 200 µL Flat on 5 at 92.86 uL/sec
	Aspirating 100.0 uL from A1 of Agilent 1 Well Reservoir 290 mL on 6 at 92.86 uL/sec
	Dispensing 100.0 uL into A9 of NEST 96 Well Plate 200 µL Flat on 5 at 92.86 uL/sec
	Aspirating 100.0 uL from A1 of Agilent 1 Well Reservoir 290 mL on 6 at 92.86 uL/sec
	Dispensing 100.0 uL into B9 of NEST 96 Well Plate 200 µL Flat on 5 at 92.86 uL/sec
	Aspirating 100.0 uL from A1 of Agilent 1 Well Reservoir 290 mL on 6 at 92.86 uL/sec
	Dispensing 100.0 uL into C9 of NEST 96 Well Plate 200 µL Flat on 5 at 92.86 uL/sec
	Aspirating 100.0 uL from A1 of Agilent 1 Well Reservoir 290 mL on 6 at 92.86 uL/sec
	Dispensing 100.0 uL into D9 of NEST 96 Well Plate 200 µL Flat on 5 at 92.86 uL/sec
	Aspirating 100.0 uL from A1 of Agilent 1 Well Reservoir 290 mL on 6 at 92.86 uL/sec
	Dispensing 100.0 uL into E9 of NEST 96 Well Plate 200 µL Flat on 5 at 92.86 uL/sec
	Aspirating 100.0 uL from A1 of Agilent 1 Well Reservoir 290 mL on 6 at 92.86 uL/sec
	Dispensing 100.0 uL into F9 of NEST 96 Well Plate 200 µL Flat on 5 at 92.86 uL/sec
	Aspirating 100.0 uL from A1 of Agilent 1 Well Reservoir 290 mL on 6 at 92.86 uL/sec
	Dispensing 100.0 uL into G9 of NEST 96 Well Plate 200 µL Flat on 5 at 92.86 uL/sec
	Aspirating 100.0 uL from A1 of Agilent 1 Well Reservoir 290 mL on 6 at 92.86 uL/sec
	Dispensing 100.0 uL into H9 of NEST 96 Well Plate 200 µL Flat on 5 at 92.86 uL/sec
	Aspirating 100.0 uL from A1 of Agilent 1 Well Reservoir 290 mL on 6 at 92.86 uL/sec
	Dispensing 100.0 uL into A10 of NEST 96 Well Plate 200 µL Flat on 5 at 92.86 uL/sec
	Aspirating 100.0 uL from A1 of Agilent 1 Well Reservoir 290 mL on 6 at 92.86 uL/sec
	Dispensing 100.0 uL into B10 of NEST 96 Well Plate 200 µL Flat on 5 at 92.86 uL/sec
	Aspirating 100.0 uL from A1 of Agilent 1 Well Reservoir 290 mL on 6 at 92.86 uL/sec
	Dispensing 100.0 uL into C10 of NEST 96 Well Plate 200 µL Flat on 5 at 92.86 uL/sec
	Aspirating 100.0 uL from A1 of Agilent 1 Well Reservoir 290 mL on 6 at 92.86 uL/sec
	Dispensing 100.0 uL into D10 of NEST 96 Well Plate 200 µL Flat on 5 at 92.86 uL/sec
	Aspirating 100.0 uL from A1 of Agilent 1 Well Reservoir 290 mL on 6 at 92.86 uL/sec
	Dispensing 100.0 uL into E10 of NEST 96 Well Plate 200 µL Flat on 5 at 92.86 uL/sec
	Aspirating 100.0 uL from A1 of Agilent 1 Well Reservoir 290 mL on 6 at 92.86 uL/sec
	Dispensing 100.0 uL into F10 of NEST 96 Well Plate 200 µL Flat on 5 at 92.86 uL/sec
	Aspirating 100.0 uL from A1 of Agilent 1 Well Reservoir 290 mL on 6 at 92.86 uL/sec
	Dispensing 100.0 uL into G10 of NEST 96 Well Plate 200 µL Flat on 5 at 92.86 uL/sec
	Aspirating 100.0 uL from A1 of Agilent 1 Well Reservoir 290 mL on 6 at 92.86 uL/sec
	Dispensing 100.0 uL into H10 of NEST 96 Well Plate 200 µL Flat on 5 at 92.86 uL/sec
	Aspirating 100.0 uL from A1 of Agilent 1 Well Reservoir 290 mL on 6 at 92.86 uL/sec
	Dispensing 100.0 uL into A11 of NEST 96 Well Plate 200 µL Flat on 5 at 92.86 uL/sec
	Aspirating 100.0 uL from A1 of Agilent 1 Well Reservoir 290 mL on 6 at 92.86 uL/sec
	Dispensing 100.0 uL into B11 of NEST 96 Well Plate 200 µL Flat on 5 at 92.86 uL/sec
	Aspirating 100.0 uL from A1 of Agilent 1 Well Reservoir 290 mL on 6 at 92.86 uL/sec
	Dispensing 100.0 uL into C11 of NEST 96 Well Plate 200 µL Flat on 5 at 92.86 uL/sec
	Aspirating 100.0 uL from A1 of Agilent 1 Well Reservoir 290 mL on 6 at 92.86 uL/sec
	Dispensing 100.0 uL into D11 of NEST 96 Well Plate 200 µL Flat on 5 at 92.86 uL/sec
	Aspirating 100.0 uL from A1 of Agilent 1 Well Reservoir 290 mL on 6 at 92.86 uL/sec
	Dispensing 100.0 uL into E11 of NEST 96 Well Plate 200 µL Flat on 5 at 92.86 uL/sec
	Aspirating 100.0 uL from A1 of Agilent 1 Well Reservoir 290 mL on 6 at 92.86 uL/sec
	Dispensing 100.0 uL into F11 of NEST 96 Well Plate 200 µL Flat on 5 at 92.86 uL/sec
	Aspirating 100.0 uL from A1 of Agilent 1 Well Reservoir 290 mL on 6 at 92.86 uL/sec
	Dispensing 100.0 uL into G11 of NEST 96 Well Plate 200 µL Flat on 5 at 92.86 uL/sec
	Aspirating 100.0 uL from A1 of Agilent 1 Well Reservoir 290 mL on 6 at 92.86 uL/sec
	Dispensing 100.0 uL into H11 of NEST 96 Well Plate 200 µL Flat on 5 at 92.86 uL/sec
	Aspirating 100.0 uL from A1 of Agilent 1 Well Reservoir 290 mL on 6 at 92.86 uL/sec
	Dispensing 100.0 uL into A12 of NEST 96 Well Plate 200 µL Flat on 5 at 92.86 uL/sec
	Aspirating 100.0 uL from A1 of Agilent 1 Well Reservoir 290 mL on 6 at 92.86 uL/sec
	Dispensing 100.0 uL into B12 of NEST 96 Well Plate 200 µL Flat on 5 at 92.86 uL/sec
	Aspirating 100.0 uL from A1 of Agilent 1 Well Reservoir 290 mL on 6 at 92.86 uL/sec
	Dispensing 100.0 uL into C12 of NEST 96 Well Plate 200 µL Flat on 5 at 92.86 uL/sec
	Aspirating 100.0 uL from A1 of Agilent 1 Well Reservoir 290 mL on 6 at 92.86 uL/sec
	Dispensing 100.0 uL into D12 of NEST 96 Well Plate 200 µL Flat on 5 at 92.86 uL/sec
	Aspirating 100.0 uL from A1 of Agilent 1 Well Reservoir 290 mL on 6 at 92.86 uL/sec
	Dispensing 100.0 uL into E12 of NEST 96 Well Plate 200 µL Flat on 5 at 92.86 uL/sec
	Aspirating 100.0 uL from A1 of Agilent 1 Well Reservoir 290 mL on 6 at 92.86 uL/sec
	Dispensing 100.0 uL into F12 of NEST 96 Well Plate 200 µL Flat on 5 at 92.86 uL/sec
	Aspirating 100.0 uL from A1 of Agilent 1 Well Reservoir 290 mL on 6 at 92.86 uL/sec
	Dispensing 100.0 uL into G12 of NEST 96 Well Plate 200 µL Flat on 5 at 92.86 uL/sec
	Aspirating 100.0 uL from A1 of Agilent 1 Well Reservoir 290 mL on 6 at 92.86 uL/sec
	Dispensing 100.0 uL into H12 of NEST 96 Well Plate 200 µL Flat on 5 at 92.86 uL/sec
	Dropping tip into A1 of Opentrons Fixed Trash on 12
Disengaging Magnetic Module
Deactivating Temperature Module
